<?xml version="1.0" encoding="UTF-8"?>
<!-- Generated by org.testng.reporters.JUnitReportReporter -->
<testsuite hostname="LAPTOP-0NHV2B0I" failures="0" tests="1" name="com.lao.testCases.Test_Pending_Leave_Request" time="6.056" errors="0" timestamp="2022-08-07T19:10:16 IST" skipped="0">
  <testcase classname="com.lao.testCases.Test_Pending_Leave_Request" name="verifyPendingLeaveReq" time="6.056"/>
  <system-out/>
</testsuite> <!-- com.lao.testCases.Test_Pending_Leave_Request -->
